#
# There is insufficient memory for the Java Runtime Environment to continue.
# Native memory allocation (malloc) failed to allocate 524304 bytes for Chunk::new
# Possible reasons:
#   The system is out of physical RAM or swap space
#   In 32 bit mode, the process size limit was hit
# Possible solutions:
#   Reduce memory load on the system
#   Increase physical memory or swap space
#   Check if swap backing store is full
#   Use 64 bit Java on a 64 bit OS
#   Decrease Java heap size (-Xmx/-Xms)
#   Decrease number of Java threads
#   Decrease Java thread stack sizes (-Xss)
#   Set larger code cache with -XX:ReservedCodeCacheSize=
# This output file may be truncated or incomplete.
#
#  Out of Memory Error (allocation.cpp:390), pid=8268, tid=8292
#
# JRE version: Java(TM) SE Runtime Environment (8.0_72-b15) (build 1.8.0_72-b15)
# Java VM: Java HotSpot(TM) 64-Bit Server VM (25.72-b15 mixed mode windows-amd64 compressed oops)
# Failed to write core dump. Minidumps are not enabled by default on client versions of Windows
#

---------------  T H R E A D  ---------------

Current thread (0x000000001a2c3800):  JavaThread "C2 CompilerThread0" daemon [_thread_in_native, id=8292, stack(0x000000001aa10000,0x000000001ab10000)]

Stack: [0x000000001aa10000,0x000000001ab10000]
[error occurred during error reporting (printing stack bounds), id 0xc0000005]

Native frames: (J=compiled Java code, j=interpreted, Vv=VM code, C=native code)


Current CompileTask:
C2:  13864 4164   !   4       org.apache.catalina.startup.ContextConfig::populateJavaClassCache (159 bytes)


---------------  P R O C E S S  ---------------

Java Threads: ( => current thread )
  0x000000001a2de800 JavaThread "http-bio-8082-AsyncTimeout" daemon [_thread_blocked, id=12748, stack(0x0000000026c20000,0x0000000026d20000)]
  0x0000000025ba0000 JavaThread "http-bio-8082-Acceptor-0" daemon [_thread_in_native, id=10252, stack(0x0000000026b20000,0x0000000026c20000)]
  0x0000000022928800 JavaThread "ContainerBackgroundProcessor[StandardEngine[Tomcat]]" daemon [_thread_blocked, id=10660, stack(0x0000000026a20000,0x0000000026b20000)]
  0x0000000025696000 JavaThread "Thread-3" daemon [_thread_in_native, id=18616, stack(0x0000000026920000,0x0000000026a20000)]
  0x000000001c6a1800 JavaThread "localhost-startStop-1" daemon [_thread_blocked, id=17720, stack(0x000000001f770000,0x000000001f870000)]
  0x000000001df4f000 JavaThread "Tomcat-startStop-1" daemon [_thread_blocked, id=20552, stack(0x000000001f670000,0x000000001f770000)]
  0x000000001a371800 JavaThread "Service Thread" daemon [_thread_blocked, id=17868, stack(0x000000001ae10000,0x000000001af10000)]
  0x000000001a2dd800 JavaThread "C1 CompilerThread3" daemon [_thread_blocked, id=20232, stack(0x000000001ad10000,0x000000001ae10000)]
  0x000000001a2e0000 JavaThread "C2 CompilerThread2" daemon [_thread_in_native, id=1972, stack(0x000000001ac10000,0x000000001ad10000)]
  0x000000001a2ce000 JavaThread "C2 CompilerThread1" daemon [_thread_in_native, id=13168, stack(0x000000001ab10000,0x000000001ac10000)]
=>0x000000001a2c3800 JavaThread "C2 CompilerThread0" daemon [_thread_in_native, id=8292, stack(0x000000001aa10000,0x000000001ab10000)]
  0x000000001a2c1000 JavaThread "Monitor Ctrl-Break" daemon [_thread_in_native, id=11380, stack(0x000000001a910000,0x000000001aa10000)]
  0x000000001a29b800 JavaThread "Attach Listener" daemon [_thread_blocked, id=4192, stack(0x000000001a810000,0x000000001a910000)]
  0x000000001a247000 JavaThread "Signal Dispatcher" daemon [_thread_blocked, id=20548, stack(0x000000001a710000,0x000000001a810000)]
  0x00000000034b9000 JavaThread "Finalizer" daemon [_thread_blocked, id=20120, stack(0x000000001a610000,0x000000001a710000)]
  0x000000001832d800 JavaThread "Reference Handler" daemon [_thread_blocked, id=15344, stack(0x000000001a110000,0x000000001a210000)]
  0x000000000321e800 JavaThread "main" [_thread_blocked, id=17860, stack(0x00000000030a0000,0x00000000031a0000)]

Other Threads:
  0x0000000018329000 VMThread [stack: 0x000000001a010000,0x000000001a110000] [id=1080]
  0x000000001a39f000 WatcherThread [stack: 0x000000001af10000,0x000000001b010000] [id=13680]

VM state:not at safepoint (normal execution)

VM Mutex/Monitor currently owned by a thread: None

Heap:
 PSYoungGen      total 243200K, used 60959K [0x00000000d6800000, 0x00000000ee600000, 0x0000000100000000)
  eden space 219136K, 27% used [0x00000000d6800000,0x00000000da387ce0,0x00000000e3e00000)
  from space 24064K, 0% used [0x00000000e3e00000,0x00000000e3e00000,0x00000000e5580000)
  to   space 34816K, 0% used [0x00000000ec400000,0x00000000ec400000,0x00000000ee600000)
 ParOldGen       total 129536K, used 53399K [0x0000000083800000, 0x000000008b680000, 0x00000000d6800000)
  object space 129536K, 41% used [0x0000000083800000,0x0000000086c25e38,0x000000008b680000)
 Metaspace       used 26103K, capacity 26732K, committed 27008K, reserved 1073152K
  class space    used 3012K, capacity 3199K, committed 3200K, reserved 1048576K

Card table byte_map: [0x0000000012880000,0x0000000012c70000] byte_map_base: 0x0000000012464000

Marking Bits: (ParMarkBitMap*) 0x000000006e050600
 Begin Bits: [0x0000000013710000, 0x0000000015630000)
 End Bits:   [0x0000000015630000, 0x0000000017550000)

Polling page: 0x0000000001510000

CodeCache: size=245760Kb used=13257Kb max_used=13291Kb free=232502Kb
 bounds [0x00000000034c0000, 0x00000000041d0000, 0x00000000124c0000]
 total_blobs=4389 nmethods=3968 adapters=333
 compilation: enabled

Compilation events (10 events):
Event: 9.553 Thread 0x000000001a2dd800 4558       1       org.apache.catalina.LifecycleState::getLifecycleEvent (5 bytes)
Event: 9.553 Thread 0x000000001a2dd800 nmethod 4558 0x00000000037c8a90 code [0x00000000037c8be0, 0x00000000037c8cf0]
Event: 9.554 Thread 0x000000001a2dd800 4561       2       sun.util.calendar.ZoneInfo::getOffsets (276 bytes)
Event: 9.555 Thread 0x000000001a2dd800 nmethod 4561 0x0000000003870590 code [0x0000000003870760, 0x0000000003870ec8]
Event: 9.555 Thread 0x000000001a2dd800 4559       2       java.util.TimeZone::getDefault (10 bytes)
Event: 9.555 Thread 0x000000001a2dd800 nmethod 4559 0x000000000384ad50 code [0x000000000384aec0, 0x000000000384b078]
Event: 9.556 Thread 0x000000001a2dd800 4560   !   2       sun.util.locale.provider.JRELocaleProviderAdapter::getCalendarProvider (56 bytes)
Event: 9.556 Thread 0x000000001a2dd800 nmethod 4560 0x0000000003a1c710 code [0x0000000003a1c880, 0x0000000003a1cc68]
Event: 9.560 Thread 0x000000001a2dd800 4562       2       java.lang.Thread::getContextClassLoader (32 bytes)
Event: 9.560 Thread 0x000000001a2dd800 nmethod 4562 0x0000000003b3ac50 code [0x0000000003b3ade0, 0x0000000003b3b0d8]

GC Heap History (10 events):
Event: 6.161 GC heap before
{Heap before GC invocations=7 (full 1):
 PSYoungGen      total 140800K, used 9738K [0x00000000d6800000, 0x00000000dff00000, 0x0000000100000000)
  eden space 130048K, 0% used [0x00000000d6800000,0x00000000d6800000,0x00000000de700000)
  from space 10752K, 90% used [0x00000000df280000,0x00000000dfc029d8,0x00000000dfd00000)
  to   space 11776K, 0% used [0x00000000de700000,0x00000000de700000,0x00000000df280000)
 ParOldGen       total 86016K, used 12571K [0x0000000083800000, 0x0000000088c00000, 0x00000000d6800000)
  object space 86016K, 14% used [0x0000000083800000,0x0000000084446d50,0x0000000088c00000)
 Metaspace       used 20673K, capacity 21164K, committed 21248K, reserved 1069056K
  class space    used 2406K, capacity 2559K, committed 2560K, reserved 1048576K
Event: 6.215 GC heap after
Heap after GC invocations=7 (full 1):
 PSYoungGen      total 140800K, used 0K [0x00000000d6800000, 0x00000000dff00000, 0x0000000100000000)
  eden space 130048K, 0% used [0x00000000d6800000,0x00000000d6800000,0x00000000de700000)
  from space 10752K, 0% used [0x00000000df280000,0x00000000df280000,0x00000000dfd00000)
  to   space 11776K, 0% used [0x00000000de700000,0x00000000de700000,0x00000000df280000)
 ParOldGen       total 66560K, used 15532K [0x0000000083800000, 0x0000000087900000, 0x00000000d6800000)
  object space 66560K, 23% used [0x0000000083800000,0x000000008472b0c8,0x0000000087900000)
 Metaspace       used 20673K, capacity 21164K, committed 21248K, reserved 1069056K
  class space    used 2406K, capacity 2559K, committed 2560K, reserved 1048576K
}
Event: 7.282 GC heap before
{Heap before GC invocations=8 (full 1):
 PSYoungGen      total 140800K, used 130048K [0x00000000d6800000, 0x00000000dff00000, 0x0000000100000000)
  eden space 130048K, 100% used [0x00000000d6800000,0x00000000de700000,0x00000000de700000)
  from space 10752K, 0% used [0x00000000df280000,0x00000000df280000,0x00000000dfd00000)
  to   space 11776K, 0% used [0x00000000de700000,0x00000000de700000,0x00000000df280000)
 ParOldGen       total 66560K, used 15532K [0x0000000083800000, 0x0000000087900000, 0x00000000d6800000)
  object space 66560K, 23% used [0x0000000083800000,0x000000008472b0c8,0x0000000087900000)
 Metaspace       used 24094K, capacity 24688K, committed 24832K, reserved 1071104K
  class space    used 2795K, capacity 2966K, committed 3072K, reserved 1048576K
Event: 7.344 GC heap after
Heap after GC invocations=8 (full 1):
 PSYoungGen      total 141824K, used 11760K [0x00000000d6800000, 0x00000000e6680000, 0x0000000100000000)
  eden space 130048K, 0% used [0x00000000d6800000,0x00000000d6800000,0x00000000de700000)
  from space 11776K, 99% used [0x00000000de700000,0x00000000df27c060,0x00000000df280000)
  to   space 17408K, 0% used [0x00000000e5580000,0x00000000e5580000,0x00000000e6680000)
 ParOldGen       total 66560K, used 24201K [0x0000000083800000, 0x0000000087900000, 0x00000000d6800000)
  object space 66560K, 36% used [0x0000000083800000,0x0000000084fa2478,0x0000000087900000)
 Metaspace       used 24094K, capacity 24688K, committed 24832K, reserved 1071104K
  class space    used 2795K, capacity 2966K, committed 3072K, reserved 1048576K
}
Event: 8.143 GC heap before
{Heap before GC invocations=9 (full 1):
 PSYoungGen      total 141824K, used 141808K [0x00000000d6800000, 0x00000000e6680000, 0x0000000100000000)
  eden space 130048K, 100% used [0x00000000d6800000,0x00000000de700000,0x00000000de700000)
  from space 11776K, 99% used [0x00000000de700000,0x00000000df27c060,0x00000000df280000)
  to   space 17408K, 0% used [0x00000000e5580000,0x00000000e5580000,0x00000000e6680000)
 ParOldGen       total 66560K, used 24201K [0x0000000083800000, 0x0000000087900000, 0x00000000d6800000)
  object space 66560K, 36% used [0x0000000083800000,0x0000000084fa2478,0x0000000087900000)
 Metaspace       used 24104K, capacity 24692K, committed 24832K, reserved 1071104K
  class space    used 2796K, capacity 2966K, committed 3072K, reserved 1048576K
Event: 8.174 GC heap after
Heap after GC invocations=9 (full 1):
 PSYoungGen      total 236544K, used 17397K [0x00000000d6800000, 0x00000000e7680000, 0x0000000100000000)
  eden space 219136K, 0% used [0x00000000d6800000,0x00000000d6800000,0x00000000e3e00000)
  from space 17408K, 99% used [0x00000000e5580000,0x00000000e667d5f0,0x00000000e6680000)
  to   space 24064K, 0% used [0x00000000e3e00000,0x00000000e3e00000,0x00000000e5580000)
 ParOldGen       total 66560K, used 33361K [0x0000000083800000, 0x0000000087900000, 0x00000000d6800000)
  object space 66560K, 50% used [0x0000000083800000,0x0000000085894740,0x0000000087900000)
 Metaspace       used 24104K, capacity 24692K, committed 24832K, reserved 1071104K
  class space    used 2796K, capacity 2966K, committed 3072K, reserved 1048576K
}
Event: 9.084 GC heap before
{Heap before GC invocations=10 (full 1):
 PSYoungGen      total 236544K, used 236533K [0x00000000d6800000, 0x00000000e7680000, 0x0000000100000000)
  eden space 219136K, 100% used [0x00000000d6800000,0x00000000e3e00000,0x00000000e3e00000)
  from space 17408K, 99% used [0x00000000e5580000,0x00000000e667d5f0,0x00000000e6680000)
  to   space 24064K, 0% used [0x00000000e3e00000,0x00000000e3e00000,0x00000000e5580000)
 ParOldGen       total 66560K, used 33361K [0x0000000083800000, 0x0000000087900000, 0x00000000d6800000)
  object space 66560K, 50% used [0x0000000083800000,0x0000000085894740,0x0000000087900000)
 Metaspace       used 24127K, capacity 24702K, committed 24832K, reserved 1071104K
  class space    used 2799K, capacity 2968K, committed 3072K, reserved 1048576K
Event: 9.122 GC heap after
Heap after GC invocations=10 (full 1):
 PSYoungGen      total 243200K, used 24038K [0x00000000d6800000, 0x00000000ee600000, 0x0000000100000000)
  eden space 219136K, 0% used [0x00000000d6800000,0x00000000d6800000,0x00000000e3e00000)
  from space 24064K, 99% used [0x00000000e3e00000,0x00000000e5579ac8,0x00000000e5580000)
  to   space 34816K, 0% used [0x00000000ec400000,0x00000000ec400000,0x00000000ee600000)
 ParOldGen       total 66560K, used 51298K [0x0000000083800000, 0x0000000087900000, 0x00000000d6800000)
  object space 66560K, 77% used [0x0000000083800000,0x0000000086a18900,0x0000000087900000)
 Metaspace       used 24127K, capacity 24702K, committed 24832K, reserved 1071104K
  class space    used 2799K, capacity 2968K, committed 3072K, reserved 1048576K
}
Event: 9.122 GC heap before
{Heap before GC invocations=11 (full 2):
 PSYoungGen      total 243200K, used 24038K [0x00000000d6800000, 0x00000000ee600000, 0x0000000100000000)
  eden space 219136K, 0% used [0x00000000d6800000,0x00000000d6800000,0x00000000e3e00000)
  from space 24064K, 99% used [0x00000000e3e00000,0x00000000e5579ac8,0x00000000e5580000)
  to   space 34816K, 0% used [0x00000000ec400000,0x00000000ec400000,0x00000000ee600000)
 ParOldGen       total 66560K, used 51298K [0x0000000083800000, 0x0000000087900000, 0x00000000d6800000)
  object space 66560K, 77% used [0x0000000083800000,0x0000000086a18900,0x0000000087900000)
 Metaspace       used 24127K, capacity 24702K, committed 24832K, reserved 1071104K
  class space    used 2799K, capacity 2968K, committed 3072K, reserved 1048576K
Event: 9.189 GC heap after
Heap after GC invocations=11 (full 2):
 PSYoungGen      total 243200K, used 0K [0x00000000d6800000, 0x00000000ee600000, 0x0000000100000000)
  eden space 219136K, 0% used [0x00000000d6800000,0x00000000d6800000,0x00000000e3e00000)
  from space 24064K, 0% used [0x00000000e3e00000,0x00000000e3e00000,0x00000000e5580000)
  to   space 34816K, 0% used [0x00000000ec400000,0x00000000ec400000,0x00000000ee600000)
 ParOldGen       total 129536K, used 53399K [0x0000000083800000, 0x000000008b680000, 0x00000000d6800000)
  object space 129536K, 41% used [0x0000000083800000,0x0000000086c25e38,0x000000008b680000)
 Metaspace       used 24127K, capacity 24702K, committed 24832K, reserved 1071104K
  class space    used 2799K, capacity 2968K, committed 3072K, reserved 1048576K
}

Deoptimization events (10 events):
Event: 9.301 Thread 0x000000001c6a1800 Uncommon trap: reason=class_check action=maybe_recompile pc=0x000000000382c0e4 method=com.sun.org.apache.xerces.internal.impl.XMLDocumentFragmentScannerImpl.scanEndElement()I @ 142
Event: 9.301 Thread 0x000000001c6a1800 Uncommon trap: reason=class_check action=maybe_recompile pc=0x000000000382c0e4 method=com.sun.org.apache.xerces.internal.impl.XMLDocumentFragmentScannerImpl.scanEndElement()I @ 142
Event: 9.301 Thread 0x000000001c6a1800 Uncommon trap: reason=class_check action=maybe_recompile pc=0x000000000382c0e4 method=com.sun.org.apache.xerces.internal.impl.XMLDocumentFragmentScannerImpl.scanEndElement()I @ 142
Event: 9.302 Thread 0x000000001c6a1800 Uncommon trap: reason=class_check action=maybe_recompile pc=0x000000000382c0e4 method=com.sun.org.apache.xerces.internal.impl.XMLDocumentFragmentScannerImpl.scanEndElement()I @ 142
Event: 9.325 Thread 0x000000001c6a1800 Uncommon trap: reason=unstable_if action=reinterpret pc=0x00000000039f38c8 method=com.sun.org.apache.xerces.internal.impl.XMLEntityScanner.scanContent(Lcom/sun/org/apache/xerces/internal/xni/XMLString;)I @ 385
Event: 9.337 Thread 0x000000001c6a1800 Uncommon trap: reason=class_check action=maybe_recompile pc=0x0000000003b48040 method=sun.nio.cs.StreamEncoder.writeBytes()V @ 120
Event: 9.437 Thread 0x000000001c6a1800 Uncommon trap: reason=bimorphic action=maybe_recompile pc=0x00000000035fa6e8 method=java.util.Hashtable.put(Ljava/lang/Object;Ljava/lang/Object;)Ljava/lang/Object; @ 18
Event: 9.474 Thread 0x000000001c6a1800 Uncommon trap: reason=predicate action=maybe_recompile pc=0x0000000003671564 method=java.lang.String.regionMatches(ZILjava/lang/String;II)Z @ 63
Event: 9.501 Thread 0x000000001c6a1800 Uncommon trap: reason=unstable_if action=reinterpret pc=0x0000000003b755e4 method=java.util.ArrayList.toArray([Ljava/lang/Object;)[Ljava/lang/Object; @ 48
Event: 9.547 Thread 0x000000001c6a1800 Uncommon trap: reason=unstable_if action=reinterpret pc=0x0000000003ee9bcc method=java.io.WinNTFileSystem.normalize(Ljava/lang/String;II)Ljava/lang/String; @ 155

Internal exceptions (10 events):
Event: 3.718 Thread 0x000000000321e800 Implicit null exception at 0x00000000036ea816 to 0x00000000036eab4d
Event: 3.718 Thread 0x000000000321e800 Implicit null exception at 0x00000000036cdb96 to 0x00000000036cdebd
Event: 3.944 Thread 0x000000000321e800 Implicit null exception at 0x0000000003aeb5ce to 0x0000000003aec869
Event: 4.274 Thread 0x000000000321e800 Implicit null exception at 0x0000000003b09386 to 0x0000000003b09bd1
Event: 4.274 Thread 0x000000000321e800 Implicit null exception at 0x0000000003872115 to 0x00000000038722ed
Event: 4.275 Thread 0x000000000321e800 Implicit null exception at 0x00000000039d82db to 0x00000000039d8739
Event: 6.015 Thread 0x000000000321e800 Exception <a 'java/io/FileNotFoundException'> (0x00000000d957bcc8) thrown at [C:\re\workspace\8-2-build-windows-amd64-cygwin\jdk8u72\5732\hotspot\src\share\vm\prims\jni.cpp, line 709]
Event: 9.501 Thread 0x000000001c6a1800 Exception <a 'java/lang/NoSuchFieldError': method resolution failed> (0x00000000d9554690) thrown at [C:\re\workspace\8-2-build-windows-amd64-cygwin\jdk8u72\5732\hotspot\src\share\vm\prims\methodHandles.cpp, line 1146]
Event: 9.503 Thread 0x000000001c6a1800 Exception <a 'java/lang/NoSuchFieldError': method resolution failed> (0x00000000d95625f0) thrown at [C:\re\workspace\8-2-build-windows-amd64-cygwin\jdk8u72\5732\hotspot\src\share\vm\prims\methodHandles.cpp, line 1146]
Event: 9.525 Thread 0x000000001c6a1800 Exception <a 'java/io/FileNotFoundException'> (0x00000000d9667f88) thrown at [C:\re\workspace\8-2-build-windows-amd64-cygwin\jdk8u72\5732\hotspot\src\share\vm\prims\jni.cpp, line 709]

Events (10 events):
Event: 9.559 Executing VM operation: RevokeBias done
Event: 9.559 Executing VM operation: RevokeBias
Event: 9.559 Executing VM operation: RevokeBias done
Event: 9.559 loading class org/apache/tomcat/maven/common/run/EmbeddedRegistry$1
Event: 9.559 loading class org/apache/tomcat/maven/common/run/EmbeddedRegistry$1 done
Event: 9.559 loading class org/apache/tomcat/maven/common/run/EmbeddedRegistry$1
Event: 9.559 loading class org/apache/tomcat/maven/common/run/EmbeddedRegistry$1 done
Event: 9.560 Thread 0x000000001a2dd800 flushing nmethod 0x0000000003bf7210
Event: 10.567 loading class java/util/concurrent/ConcurrentLinkedQueue$Itr
Event: 10.568 loading class java/util/concurrent/ConcurrentLinkedQueue$Itr done


Dynamic libraries:
0x00007ff665000000 - 0x00007ff665037000 	C:\Program Files\Java\jdk1.8.0_72\bin\java.exe
0x00007ff8f6dd0000 - 0x00007ff8f6fc5000 	C:\WINDOWS\SYSTEM32\ntdll.dll
0x00007ff8f4fa0000 - 0x00007ff8f505e000 	C:\WINDOWS\System32\KERNEL32.DLL
0x00007ff8f45a0000 - 0x00007ff8f4868000 	C:\WINDOWS\System32\KERNELBASE.dll
0x00007ff8f55a0000 - 0x00007ff8f564e000 	C:\WINDOWS\System32\ADVAPI32.dll
0x00007ff8f6b20000 - 0x00007ff8f6bbe000 	C:\WINDOWS\System32\msvcrt.dll
0x00007ff8f6cf0000 - 0x00007ff8f6d8c000 	C:\WINDOWS\System32\sechost.dll
0x00007ff8f5820000 - 0x00007ff8f5945000 	C:\WINDOWS\System32\RPCRT4.dll
0x00007ff8f5680000 - 0x00007ff8f5820000 	C:\WINDOWS\System32\USER32.dll
0x00007ff8f4970000 - 0x00007ff8f4992000 	C:\WINDOWS\System32\win32u.dll
0x00007ff8f4e20000 - 0x00007ff8f4e4b000 	C:\WINDOWS\System32\GDI32.dll
0x00007ff8f4d10000 - 0x00007ff8f4e1d000 	C:\WINDOWS\System32\gdi32full.dll
0x00007ff8f4b10000 - 0x00007ff8f4bad000 	C:\WINDOWS\System32\msvcp_win.dll
0x00007ff8f4a10000 - 0x00007ff8f4b10000 	C:\WINDOWS\System32\ucrtbase.dll
0x00007ff8d7080000 - 0x00007ff8d731a000 	C:\WINDOWS\WinSxS\amd64_microsoft.windows.common-controls_6595b64144ccf1df_6.0.19041.1110_none_60b5254171f9507e\COMCTL32.dll
0x00007ff8f5650000 - 0x00007ff8f5680000 	C:\WINDOWS\System32\IMM32.DLL
0x000000006e0d0000 - 0x000000006e1a2000 	C:\Program Files\Java\jdk1.8.0_72\jre\bin\msvcr100.dll
0x000000006d840000 - 0x000000006e0d0000 	C:\Program Files\Java\jdk1.8.0_72\jre\bin\server\jvm.dll
0x00007ff8f6c20000 - 0x00007ff8f6c28000 	C:\WINDOWS\System32\PSAPI.DLL
0x00007ff8edf20000 - 0x00007ff8edf29000 	C:\WINDOWS\SYSTEM32\WSOCK32.dll
0x00007ff8d8c10000 - 0x00007ff8d8c37000 	C:\WINDOWS\SYSTEM32\WINMM.dll
0x00007ff8e2ab0000 - 0x00007ff8e2aba000 	C:\WINDOWS\SYSTEM32\VERSION.dll
0x00007ff8f5dd0000 - 0x00007ff8f5e3b000 	C:\WINDOWS\System32\WS2_32.dll
0x000000006d830000 - 0x000000006d83f000 	C:\Program Files\Java\jdk1.8.0_72\jre\bin\verify.dll
0x000000006d800000 - 0x000000006d829000 	C:\Program Files\Java\jdk1.8.0_72\jre\bin\java.dll
0x000000006d770000 - 0x000000006d793000 	C:\Program Files\Java\jdk1.8.0_72\jre\bin\instrument.dll
0x000000006d7e0000 - 0x000000006d7f6000 	C:\Program Files\Java\jdk1.8.0_72\jre\bin\zip.dll
0x00007ff8f61b0000 - 0x00007ff8f68f4000 	C:\WINDOWS\System32\SHELL32.dll
0x00007ff8f2210000 - 0x00007ff8f29a4000 	C:\WINDOWS\SYSTEM32\windows.storage.dll
0x00007ff8f5060000 - 0x00007ff8f53b5000 	C:\WINDOWS\System32\combase.dll
0x00007ff8f3f30000 - 0x00007ff8f3f5e000 	C:\WINDOWS\SYSTEM32\Wldp.dll
0x00007ff8f6900000 - 0x00007ff8f69ad000 	C:\WINDOWS\System32\SHCORE.dll
0x00007ff8f6bc0000 - 0x00007ff8f6c15000 	C:\WINDOWS\System32\shlwapi.dll
0x00007ff8f4420000 - 0x00007ff8f443f000 	C:\WINDOWS\SYSTEM32\profapi.dll
0x00007ff8eba00000 - 0x00007ff8eba1a000 	D:\IntelliJ IDEA 2020.3.3\bin\breakgen64.dll
0x000000006d7c0000 - 0x000000006d7da000 	C:\Program Files\Java\jdk1.8.0_72\jre\bin\net.dll
0x00007ff8f3c90000 - 0x00007ff8f3cfa000 	C:\WINDOWS\system32\mswsock.dll
0x00007ff8f3e90000 - 0x00007ff8f3ea8000 	C:\WINDOWS\SYSTEM32\CRYPTSP.dll
0x00007ff8f35a0000 - 0x00007ff8f35d4000 	C:\WINDOWS\system32\rsaenh.dll
0x00007ff8f4570000 - 0x00007ff8f4597000 	C:\WINDOWS\System32\bcrypt.dll
0x00007ff8f43a0000 - 0x00007ff8f43ce000 	C:\WINDOWS\SYSTEM32\USERENV.dll
0x00007ff8f44e0000 - 0x00007ff8f4562000 	C:\WINDOWS\System32\bcryptprimitives.dll
0x00007ff8f3e80000 - 0x00007ff8f3e8c000 	C:\WINDOWS\SYSTEM32\CRYPTBASE.dll
0x00007ff8f3930000 - 0x00007ff8f396b000 	C:\WINDOWS\SYSTEM32\IPHLPAPI.DLL
0x00007ff8f6ce0000 - 0x00007ff8f6ce8000 	C:\WINDOWS\System32\NSI.dll
0x00007ff8e1920000 - 0x00007ff8e1937000 	C:\WINDOWS\SYSTEM32\dhcpcsvc6.DLL
0x00007ff8e1900000 - 0x00007ff8e191d000 	C:\WINDOWS\SYSTEM32\dhcpcsvc.DLL
0x00007ff8f3980000 - 0x00007ff8f3a4b000 	C:\WINDOWS\SYSTEM32\DNSAPI.dll
0x000000006d7a0000 - 0x000000006d7b1000 	C:\Program Files\Java\jdk1.8.0_72\jre\bin\nio.dll
0x00007ff8eb290000 - 0x00007ff8eb29a000 	C:\Users\hp\AppData\Local\Temp\jansi-1.17.1-3341797808321390801.dll
0x00007ff8ea2f0000 - 0x00007ff8ea2fa000 	C:\Users\hp\AppData\Local\Temp\jansi-1.17.1-8171417791303184609.dll
0x000000006d760000 - 0x000000006d76d000 	C:\Program Files\Java\jdk1.8.0_72\jre\bin\management.dll

VM Arguments:
jvm_args: -Dmaven.multiModuleProjectDirectory=D:\itripbackend\itripbiz -Dmaven.home=D:\Maven\apache-maven-3.6.3 -Dclassworlds.conf=D:\Maven\apache-maven-3.6.3\bin\m2.conf -Dmaven.ext.class.path=D:\IntelliJ IDEA 2020.3.3\plugins\maven\lib\maven-event-listener.jar -javaagent:D:\IntelliJ IDEA 2020.3.3\lib\idea_rt.jar=1054:D:\IntelliJ IDEA 2020.3.3\bin -Dfile.encoding=UTF-8 
java_command: org.codehaus.classworlds.Launcher -Didea.version=2020.3.3 -s D:\Maven\apache-maven-3.6.3\conf\settings.xml -Dmaven.repo.local=D:\Maven\maven-data tomcat7:run
java_class_path (initial): D:\Maven\apache-maven-3.6.3\boot\plexus-classworlds-2.6.0.jar;D:\Maven\apache-maven-3.6.3\boot\plexus-classworlds.license;D:\IntelliJ IDEA 2020.3.3\lib\idea_rt.jar
Launcher Type: SUN_STANDARD

Environment Variables:
JAVA_HOME=C:\Program Files\Java\jdk1.8.0_72
PATH=D:\xshell\;C:\ProgramData\Oracle\Java\javapath;C:\windows\system32;C:\windows;C:\windows\System32\Wbem;C:\windows\System32\WindowsPowerShell\v1.0\;C:\windows\System32\OpenSSH\;C:\Program Files (x86)\NVIDIA Corporation\PhysX\Common;C:\Program Files\NVIDIA Corporation\NVIDIA NvDLISR;C:\Program Files\Java\jdk1.8.0_72\bin;C:\Program Files\Java\jdk1.8.0_72\jre\bin;C:\Program Files\Microsoft\Web Platform Installer\;C:\Program Files (x86)\Microsoft ASP.NET\ASP.NET Web Pages\v1.0\;C:\Program Files (x86)\Windows Kits\8.0\Windows Performance Toolkit\;C:\Program Files\Microsoft SQL Server\110\Tools\Binn\;C:\Program Files (x86)\Microsoft SQL Server\100\Tools\Binn\;C:\Program Files\Microsoft SQL Server\100\Tools\Binn\;C:\Program Files\Microsoft SQL Server\100\DTS\Binn\;C:\Program Files (x86)\Microsoft SQL Server\100\Tools\Binn\VSShell\Common7\IDE\;C:\Program Files (x86)\Microsoft Visual Studio 9.0\Common7\IDE\PrivateAssemblies\;C:\Program Files (x86)\Microsoft SQL Server\100\DTS\Binn\;C:\Program Files\MySQL\MySQL Server 5.7\bin;C:\WINDOWS\system32;C:\WINDOWS;C:\WINDOWS\System32\Wbem;C:\WINDOWS\System32\WindowsPowerShell\v1.0\;C:\WINDOWS\System32\OpenSSH\;D:\Maven\apache-maven-3.6.3\bin;D:\svn\bin;C:\Users\hp\AppData\Local\Microsoft\WindowsApps;;D:\IntelliJ IDEA 2020.3.3\bin;
USERNAME=hp
OS=Windows_NT
PROCESSOR_IDENTIFIER=Intel64 Family 6 Model 165 Stepping 2, GenuineIntel



---------------  S Y S T E M  ---------------

OS: Windows 10.0 , 64 bit Build 19041 (10.0.19041.1503)

CPU:total 8 (4 cores per cpu, 2 threads per core) family 6 model 165 stepping 2, cmov, cx8, fxsr, mmx, sse, sse2, sse3, ssse3, sse4.1, sse4.2, popcnt, avx, avx2, aes, clmul, erms, 3dnowpref, lzcnt, ht, tsc, tscinvbit, bmi1, bmi2, adx

Memory: 4k page, physical 8154792k(526532k free), swap 14446248k(9744k free)

vm_info: Java HotSpot(TM) 64-Bit Server VM (25.72-b15) for windows-amd64 JRE (1.8.0_72-b15), built on Dec 22 2015 19:16:16 by "java_re" with MS VC++ 10.0 (VS2010)

time: Fri Feb 25 15:29:40 2022
elapsed time: 13 seconds (0d 0h 0m 13s)

